  MenuUpdater.cpp
MenuUpdater.cpp(22): warning C4996: 'sf::Text::setColor': объявлен deprecate
  C:\SFML-2.4.2\include\SFML/Graphics/Text.hpp(177): note:  см. объявление "sf::Text::setColor"
MenuUpdater.cpp(29): warning C4996: 'sf::Text::setColor': объявлен deprecate
  C:\SFML-2.4.2\include\SFML/Graphics/Text.hpp(177): note:  см. объявление "sf::Text::setColor"
MenuUpdater.cpp(38): warning C4996: 'sf::Text::setColor': объявлен deprecate
  C:\SFML-2.4.2\include\SFML/Graphics/Text.hpp(177): note:  см. объявление "sf::Text::setColor"
MenuUpdater.cpp(80): warning C4996: 'sf::Text::setColor': объявлен deprecate
  C:\SFML-2.4.2\include\SFML/Graphics/Text.hpp(177): note:  см. объявление "sf::Text::setColor"
MenuUpdater.cpp(81): warning C4996: 'sf::Text::setColor': объявлен deprecate
  C:\SFML-2.4.2\include\SFML/Graphics/Text.hpp(177): note:  см. объявление "sf::Text::setColor"
MenuUpdater.cpp(82): warning C4996: 'sf::Text::setColor': объявлен deprecate
  C:\SFML-2.4.2\include\SFML/Graphics/Text.hpp(177): note:  см. объявление "sf::Text::setColor"
MenuUpdater.cpp(160): warning C4996: 'sf::Text::setColor': объявлен deprecate
  C:\SFML-2.4.2\include\SFML/Graphics/Text.hpp(177): note:  см. объявление "sf::Text::setColor"
  Создание кода
c:\users\serge\dropbox\projects\3-1\game\game\menuupdater.cpp(134): warning C4715: MenuUpdater::isInArea: значение возвращается не при всех путях выполнения
c:\users\serge\dropbox\projects\3-1\game\game\object.cpp(98): warning C4715: Box::getLineTopPos: значение возвращается не при всех путях выполнения
c:\users\serge\dropbox\projects\3-1\game\game\object.cpp(126): warning C4715: Box::getLineBottomPos: значение возвращается не при всех путях выполнения
c:\users\serge\dropbox\projects\3-1\game\game\gamescreenupdater.cpp(144): warning C4715: GameScreenUpdater::isInArea: значение возвращается не при всех путях выполнения
  21 of 268 functions ( 7.8%) were compiled, the rest were copied from previous compilation.
    0 functions were new in current compilation
    9 functions had inline decision re-evaluated but remain unchanged
  Создание кода завершено
  Game.vcxproj -> C:\Users\serge\Dropbox\Projects\3-1\Game\x64\Release\Game.exe
  Game.vcxproj -> C:\Users\serge\Dropbox\Projects\3-1\Game\x64\Release\Game.pdb (Full PDB)
