c:\users\serge\dropbox\projects\3-1\game\game\x64\release\vc140.pdb
c:\users\serge\dropbox\projects\3-1\game\game\x64\release\gamescreenupdater.obj
c:\users\serge\dropbox\projects\3-1\game\game\x64\release\source.obj
c:\users\serge\dropbox\projects\3-1\game\game\x64\release\screenmanager.obj
c:\users\serge\dropbox\projects\3-1\game\game\x64\release\players.obj
c:\users\serge\dropbox\projects\3-1\game\game\x64\release\playermanager.obj
c:\users\serge\dropbox\projects\3-1\game\game\x64\release\object.obj
c:\users\serge\dropbox\projects\3-1\game\game\x64\release\menuupdater.obj
c:\users\serge\dropbox\projects\3-1\game\game\x64\release\menuscreen.obj
c:\users\serge\dropbox\projects\3-1\game\game\x64\release\loader.obj
c:\users\serge\dropbox\projects\3-1\game\game\x64\release\inputmanager.obj
c:\users\serge\dropbox\projects\3-1\game\game\x64\release\gamescreen.obj
c:\users\serge\dropbox\projects\3-1\game\game\x64\release\endscreen.obj
c:\users\serge\dropbox\projects\3-1\game\game\x64\release\endsceneupdater.obj
c:\users\serge\dropbox\projects\3-1\game\x64\release\game.exe
c:\users\serge\dropbox\projects\3-1\game\x64\release\game.ipdb
c:\users\serge\dropbox\projects\3-1\game\x64\release\game.iobj
c:\users\serge\dropbox\projects\3-1\game\x64\release\game.pdb
c:\users\serge\dropbox\projects\3-1\game\game\x64\release\game.tlog\cl.command.1.tlog
c:\users\serge\dropbox\projects\3-1\game\game\x64\release\game.tlog\cl.read.1.tlog
c:\users\serge\dropbox\projects\3-1\game\game\x64\release\game.tlog\cl.write.1.tlog
c:\users\serge\dropbox\projects\3-1\game\game\x64\release\game.tlog\link.command.1.tlog
c:\users\serge\dropbox\projects\3-1\game\game\x64\release\game.tlog\link.read.1.tlog
c:\users\serge\dropbox\projects\3-1\game\game\x64\release\game.tlog\link.write.1.tlog
